[Sat Sep 28 17:56:05.669544 2024] [ssl:warn] [pid 1:tid 1] AH01909: localhost:443:0 server certificate does NOT include an ID which matches the server name
[Sat Sep 28 17:56:05.671500 2024] [so:warn] [pid 1:tid 1] AH01574: module env_module is already loaded, skipping
AH00558: httpd: Could not reliably determine the server's fully qualified domain name, using 192.168.48.5. Set the 'ServerName' directive globally to suppress this message
[Sat Sep 28 17:56:05.672794 2024] [ssl:warn] [pid 1:tid 1] AH01873: Init: Session Cache is not configured [hint: SSLSessionCache]
[Sat Sep 28 17:56:05.673675 2024] [ssl:warn] [pid 1:tid 1] AH01909: localhost:443:0 server certificate does NOT include an ID which matches the server name
[Sat Sep 28 17:56:05.676751 2024] [mpm_prefork:notice] [pid 1:tid 1] AH00163: Apache/2.4.62 (Unix) OpenSSL/3.3.2 configured -- resuming normal operations
[Sat Sep 28 17:56:05.676774 2024] [core:notice] [pid 1:tid 1] AH00094: Command line: '/usr/sbin/httpd -D FOREGROUND'
[Sat Apr 12 08:53:22.711561 2025] [ssl:warn] [pid 1:tid 1] AH01909: localhost:443:0 server certificate does NOT include an ID which matches the server name
[Sat Apr 12 08:53:22.714732 2025] [so:warn] [pid 1:tid 1] AH01574: module env_module is already loaded, skipping
AH00558: httpd: Could not reliably determine the server's fully qualified domain name, using 192.168.48.2. Set the 'ServerName' directive globally to suppress this message
[Sat Apr 12 08:53:22.715720 2025] [ssl:warn] [pid 1:tid 1] AH01873: Init: Session Cache is not configured [hint: SSLSessionCache]
[Sat Apr 12 08:53:22.716482 2025] [ssl:warn] [pid 1:tid 1] AH01909: localhost:443:0 server certificate does NOT include an ID which matches the server name
[Sat Apr 12 08:53:22.718261 2025] [mpm_prefork:notice] [pid 1:tid 1] AH00163: Apache/2.4.62 (Unix) OpenSSL/3.3.2 configured -- resuming normal operations
[Sat Apr 12 08:53:22.718279 2025] [core:notice] [pid 1:tid 1] AH00094: Command line: '/usr/sbin/httpd -D FOREGROUND'
[Sat Apr 12 08:56:08.972114 2025] [mpm_prefork:notice] [pid 1:tid 1] AH00169: caught SIGTERM, shutting down
[Sat Apr 12 08:56:13.856851 2025] [ssl:warn] [pid 1:tid 1] AH01909: localhost:443:0 server certificate does NOT include an ID which matches the server name
[Sat Apr 12 08:56:13.858036 2025] [so:warn] [pid 1:tid 1] AH01574: module env_module is already loaded, skipping
AH00558: httpd: Could not reliably determine the server's fully qualified domain name, using 192.168.48.4. Set the 'ServerName' directive globally to suppress this message
[Sat Apr 12 08:56:13.858829 2025] [ssl:warn] [pid 1:tid 1] AH01873: Init: Session Cache is not configured [hint: SSLSessionCache]
[Sat Apr 12 08:56:13.859470 2025] [ssl:warn] [pid 1:tid 1] AH01909: localhost:443:0 server certificate does NOT include an ID which matches the server name
[Sat Apr 12 08:56:13.861060 2025] [mpm_prefork:notice] [pid 1:tid 1] AH00163: Apache/2.4.62 (Unix) OpenSSL/3.3.2 configured -- resuming normal operations
[Sat Apr 12 08:56:13.861089 2025] [core:notice] [pid 1:tid 1] AH00094: Command line: '/usr/sbin/httpd -D FOREGROUND'
[Sat Apr 12 09:20:32.265530 2025] [ssl:warn] [pid 1:tid 1] AH01909: localhost:443:0 server certificate does NOT include an ID which matches the server name
[Sat Apr 12 09:20:32.267532 2025] [so:warn] [pid 1:tid 1] AH01574: module env_module is already loaded, skipping
AH00558: httpd: Could not reliably determine the server's fully qualified domain name, using 172.18.0.7. Set the 'ServerName' directive globally to suppress this message
[Sat Apr 12 09:20:32.268336 2025] [ssl:warn] [pid 1:tid 1] AH01873: Init: Session Cache is not configured [hint: SSLSessionCache]
[Sat Apr 12 09:20:32.268841 2025] [ssl:warn] [pid 1:tid 1] AH01909: localhost:443:0 server certificate does NOT include an ID which matches the server name
[Sat Apr 12 09:20:32.270583 2025] [mpm_prefork:notice] [pid 1:tid 1] AH00163: Apache/2.4.62 (Unix) OpenSSL/3.3.2 configured -- resuming normal operations
[Sat Apr 12 09:20:32.270596 2025] [core:notice] [pid 1:tid 1] AH00094: Command line: '/usr/sbin/httpd -D FOREGROUND'
[Sat Apr 12 10:37:43.519538 2025] [mpm_prefork:notice] [pid 1:tid 1] AH00169: caught SIGTERM, shutting down
[Sat Apr 12 10:38:02.769360 2025] [ssl:warn] [pid 1:tid 1] AH01909: localhost:443:0 server certificate does NOT include an ID which matches the server name
[Sat Apr 12 10:38:02.770802 2025] [so:warn] [pid 1:tid 1] AH01574: module env_module is already loaded, skipping
AH00558: httpd: Could not reliably determine the server's fully qualified domain name, using 172.18.0.6. Set the 'ServerName' directive globally to suppress this message
[Sat Apr 12 10:38:02.771887 2025] [ssl:warn] [pid 1:tid 1] AH01873: Init: Session Cache is not configured [hint: SSLSessionCache]
[Sat Apr 12 10:38:02.772858 2025] [ssl:warn] [pid 1:tid 1] AH01909: localhost:443:0 server certificate does NOT include an ID which matches the server name
[Sat Apr 12 10:38:02.775160 2025] [mpm_prefork:notice] [pid 1:tid 1] AH00163: Apache/2.4.62 (Unix) OpenSSL/3.3.2 configured -- resuming normal operations
[Sat Apr 12 10:38:02.775199 2025] [core:notice] [pid 1:tid 1] AH00094: Command line: '/usr/sbin/httpd -D FOREGROUND'
[Sat Apr 12 10:39:58.827349 2025] [mpm_prefork:notice] [pid 1:tid 1] AH00169: caught SIGTERM, shutting down
[Sat Apr 12 10:41:24.718859 2025] [ssl:warn] [pid 1:tid 1] AH01909: localhost:443:0 server certificate does NOT include an ID which matches the server name
[Sat Apr 12 10:41:24.720215 2025] [so:warn] [pid 1:tid 1] AH01574: module env_module is already loaded, skipping
AH00558: httpd: Could not reliably determine the server's fully qualified domain name, using 172.18.0.5. Set the 'ServerName' directive globally to suppress this message
[Sat Apr 12 10:41:24.721004 2025] [ssl:warn] [pid 1:tid 1] AH01873: Init: Session Cache is not configured [hint: SSLSessionCache]
[Sat Apr 12 10:41:24.721580 2025] [ssl:warn] [pid 1:tid 1] AH01909: localhost:443:0 server certificate does NOT include an ID which matches the server name
[Sat Apr 12 10:41:24.723671 2025] [mpm_prefork:notice] [pid 1:tid 1] AH00163: Apache/2.4.62 (Unix) OpenSSL/3.3.2 configured -- resuming normal operations
[Sat Apr 12 10:41:24.723687 2025] [core:notice] [pid 1:tid 1] AH00094: Command line: '/usr/sbin/httpd -D FOREGROUND'
